<?xml version="1.0" encoding="UTF-8"?>
<!-- Generated by org.testng.reporters.JUnitReportReporter -->
<testsuite hostname="DESKTOP-MOTNN2M" failures="0" tests="1" name="org.tyss.dream11.VerifyBottonNavigationbarOnHomeTest" time="40.451" errors="0" timestamp="2022-08-26T03:05:11 IST" skipped="0">
  <testcase classname="org.tyss.dream11.VerifyBottonNavigationbarOnHomeTest" name="verifyBottonNavigationbarOnHomeTest" time="40.451"/>
  <system-out/>
</testsuite> <!-- org.tyss.dream11.VerifyBottonNavigationbarOnHomeTest -->
